<?xml version="1.0" encoding="UTF-8"?>
<testng-results ignored="0" total="1" passed="1" failed="0" skipped="0">
  <reporter-output>
  </reporter-output>
  <suite started-at="2022-07-27T21:07:52 IST" name="testSuite" finished-at="2022-07-27T21:08:06 IST" duration-ms="13962">
    <groups>
    </groups>
    <test started-at="2022-07-27T21:07:52 IST" name="Test Case for learning" finished-at="2022-07-27T21:08:06 IST" duration-ms="13962">
      <class name="com.monkBot.testcases.Login">
        <test-method is-config="true" signature="startReport()[pri:0, instance:com.monkBot.testcases.Login@223d2c72]" started-at="2022-07-27T21:07:52 IST" name="startReport" finished-at="2022-07-27T21:07:52 IST" duration-ms="332" status="PASS">
          <reporter-output>
          </reporter-output>
        </test-method> <!-- startReport -->
        <test-method is-config="true" signature="setValues()[pri:0, instance:com.monkBot.testcases.Login@223d2c72]" started-at="2022-07-27T21:07:52 IST" name="setValues" finished-at="2022-07-27T21:07:52 IST" duration-ms="2" status="PASS">
          <reporter-output>
          </reporter-output>
        </test-method> <!-- setValues -->
        <test-method is-config="true" signature="report()[pri:0, instance:com.monkBot.testcases.Login@223d2c72]" started-at="2022-07-27T21:07:52 IST" name="report" finished-at="2022-07-27T21:07:53 IST" duration-ms="10" status="PASS">
          <reporter-output>
          </reporter-output>
        </test-method> <!-- report -->
        <test-method is-config="true" signature="beforeMethod()[pri:0, instance:com.monkBot.testcases.Login@223d2c72]" started-at="2022-07-27T21:07:54 IST" name="beforeMethod" finished-at="2022-07-27T21:08:00 IST" duration-ms="6077" status="PASS">
          <reporter-output>
          </reporter-output>
        </test-method> <!-- beforeMethod -->
        <test-method signature="loginFunction(java.lang.String,java.lang.String)[pri:0, instance:com.monkBot.testcases.Login@223d2c72]" started-at="2022-07-27T21:08:00 IST" name="loginFunction" data-provider="fetchData" finished-at="2022-07-27T21:08:06 IST" duration-ms="6378" status="PASS">
          <params>
            <param index="0">
              <value>
                <![CDATA[Admin]]>
              </value>
            </param>
            <param index="1">
              <value>
                <![CDATA[admin123]]>
              </value>
            </param>
          </params>
          <reporter-output>
          </reporter-output>
        </test-method> <!-- loginFunction -->
        <test-method is-config="true" signature="afterMethod()[pri:0, instance:com.monkBot.testcases.Login@223d2c72]" started-at="2022-07-27T21:08:06 IST" name="afterMethod" finished-at="2022-07-27T21:08:06 IST" duration-ms="249" status="PASS">
          <reporter-output>
          </reporter-output>
        </test-method> <!-- afterMethod -->
        <test-method is-config="true" signature="stopReport()[pri:0, instance:com.monkBot.testcases.Login@223d2c72]" started-at="2022-07-27T21:08:07 IST" name="stopReport" finished-at="2022-07-27T21:08:07 IST" duration-ms="613" status="PASS">
          <reporter-output>
          </reporter-output>
        </test-method> <!-- stopReport -->
      </class> <!-- com.monkBot.testcases.Login -->
    </test> <!-- Test Case for learning -->
  </suite> <!-- testSuite -->
</testng-results>
